<?xml version="1.0" encoding="utf-8"?><testsuites name="pytest tests"><testsuite name="pytest" errors="0" failures="0" skipped="0" tests="24" time="5.509" timestamp="2026-06-11T00:05:15.150398+00:00" hostname="agent-env-34c2aee5-6bcb-4114-a52f-9d73b9d80b34"><testcase classname="backend.tests.test_safety_trust.TestAuthRegression" name="test_login_existing_seeded_client" time="0.405" /><testcase classname="backend.tests.test_safety_trust.TestAuthRegression" name="test_me_endpoint" time="0.460" /><testcase classname="backend.tests.test_safety_trust.TestTrainerTrustSignals" name="test_new_trainer_has_bg_check_cleared_and_id_verified" time="0.331" /><testcase classname="backend.tests.test_safety_trust.TestTrainerTrustSignals" name="test_list_trainers_returns_trust_fields" time="0.108" /><testcase classname="backend.tests.test_safety_trust.TestTrainerTrustSignals" name="test_get_trainer_by_id_has_trust_fields" time="0.123" /><testcase classname="backend.tests.test_safety_trust.TestEmergencyContacts" name="test_put_emergency_contacts_as_client" time="0.164" /><testcase classname="backend.tests.test_safety_trust.TestEmergencyContacts" name="test_get_emergency_contacts_returns_saved" time="0.117" /><testcase classname="backend.tests.test_safety_trust.TestEmergencyContacts" name="test_put_emergency_contacts_as_trainer_forbidden" time="0.137" /><testcase classname="backend.tests.test_safety_trust.TestSOSAlerts" name="test_trigger_sos_returns_contacts_notified_count" time="0.156" /><testcase classname="backend.tests.test_safety_trust.TestSOSAlerts" name="test_list_alerts_sorted_newest_first" time="1.223" /><testcase classname="backend.tests.test_safety_trust.TestSOSAlerts" name="test_resolve_alert" time="0.224" /><testcase classname="backend.tests.test_safety_trust.TestSOSAlerts" name="test_resolve_other_users_alert_404" time="0.444" /><testcase classname="backend.tests.test_safety_trust.TestIncidentReports" name="test_create_report_under_review" time="0.143" /><testcase classname="backend.tests.test_safety_trust.TestIncidentReports" name="test_list_my_reports" time="0.106" /><testcase classname="backend.tests.test_safety_trust.TestSessionCheckInOut" name="test_book_session_succeeds" time="0.128" /><testcase classname="backend.tests.test_safety_trust.TestSessionCheckInOut" name="test_checkin_by_owner" time="0.117" /><testcase classname="backend.tests.test_safety_trust.TestSessionCheckInOut" name="test_checkin_persisted" time="0.113" /><testcase classname="backend.tests.test_safety_trust.TestSessionCheckInOut" name="test_checkout_by_owner" time="0.122" /><testcase classname="backend.tests.test_safety_trust.TestSessionCheckInOut" name="test_checkout_persisted" time="0.108" /><testcase classname="backend.tests.test_safety_trust.TestSessionCheckInOut" name="test_checkin_by_other_user_forbidden" time="0.107" /><testcase classname="backend.tests.test_safety_trust.TestSessionCheckInOut" name="test_checkout_by_other_user_forbidden" time="0.134" /><testcase classname="backend.tests.test_safety_trust.TestSessionCheckInOut" name="test_checkin_by_trainer_forbidden" time="0.159" /><testcase classname="backend.tests.test_safety_trust.TestSafetyAuth" name="test_sos_requires_auth" time="0.187" /><testcase classname="backend.tests.test_safety_trust.TestSafetyAuth" name="test_emergency_contacts_requires_auth" time="0.110" /></testsuite></testsuites>